[2015-06-30 17:23:16] local.ERROR: exception 'PDOException' with message 'SQLSTATE[HY000] [1045] Access denied for user 'homestead'@'localhost' (using password: YES)' in D:\wamp\www\learnlaravel5\vendor\laravel\framework\src\Illuminate\Database\Connectors\Connector.php:47
Stack trace:
#0 D:\wamp\www\learnlaravel5\vendor\laravel\framework\src\Illuminate\Database\Connectors\Connector.php(47): PDO->__construct('mysql:host=loca...', 'homestead', 'secret', Array)
#1 D:\wamp\www\learnlaravel5\vendor\laravel\framework\src\Illuminate\Database\Connectors\MySqlConnector.php(20): Illuminate\Database\Connectors\Connector->createConnection('mysql:host=loca...', Array, Array)
#2 D:\wamp\www\learnlaravel5\vendor\compiled.php(10673): Illuminate\Database\Connectors\MySqlConnector->connect(Array)
#3 D:\wamp\www\learnlaravel5\vendor\compiled.php(10669): Illuminate\Database\Connectors\ConnectionFactory->createSingleConnection(Array)
#4 D:\wamp\www\learnlaravel5\vendor\compiled.php(10587): Illuminate\Database\Connectors\ConnectionFactory->make(Array, 'mysql')
#5 D:\wamp\www\learnlaravel5\vendor\compiled.php(10542): Illuminate\Database\DatabaseManager->makeConnection('mysql')
#6 D:\wamp\www\learnlaravel5\vendor\compiled.php(10434): Illuminate\Database\DatabaseManager->connection(NULL)
#7 D:\wamp\www\learnlaravel5\vendor\compiled.php(10421): Illuminate\Database\Eloquent\Model::resolveConnection(NULL)
#8 D:\wamp\www\learnlaravel5\vendor\compiled.php(9921): Illuminate\Database\Eloquent\Model->getConnection()
#9 D:\wamp\www\learnlaravel5\vendor\compiled.php(9898): Illuminate\Database\Eloquent\Model->newBaseQueryBuilder()
#10 D:\wamp\www\learnlaravel5\vendor\compiled.php(9888): Illuminate\Database\Eloquent\Model->newQueryWithoutScopes()
#11 D:\wamp\www\learnlaravel5\vendor\compiled.php(718): Illuminate\Database\Eloquent\Model->newQuery()
#12 D:\wamp\www\learnlaravel5\vendor\compiled.php(514): Illuminate\Auth\EloquentUserProvider->retrieveByCredentials(Array)
#13 D:\wamp\www\learnlaravel5\vendor\compiled.php(1985): Illuminate\Auth\Guard->attempt(Array, false)
#14 [internal function]: App\Http\Controllers\Auth\AuthController->postLogin(Object(Illuminate\Http\Request))
#15 D:\wamp\www\learnlaravel5\vendor\compiled.php(8287): call_user_func_array(Array, Array)
#16 D:\wamp\www\learnlaravel5\vendor\compiled.php(8354): Illuminate\Routing\Controller->callAction('postLogin', Array)
#17 D:\wamp\www\learnlaravel5\vendor\compiled.php(8333): Illuminate\Routing\ControllerDispatcher->call(Object(App\Http\Controllers\Auth\AuthController), Object(Illuminate\Routing\Route), 'postLogin')
#18 [internal function]: Illuminate\Routing\ControllerDispatcher->Illuminate\Routing\{closure}(Object(Illuminate\Http\Request))
#19 D:\wamp\www\learnlaravel5\vendor\compiled.php(8952): call_user_func(Object(Closure), Object(Illuminate\Http\Request))
#20 D:\wamp\www\learnlaravel5\app\Http\Middleware\RedirectIfAuthenticated.php(41): Illuminate\Pipeline\Pipeline->Illuminate\Pipeline\{closure}(Object(Illuminate\Http\Request))
#21 D:\wamp\www\learnlaravel5\vendor\compiled.php(8944): App\Http\Middleware\RedirectIfAuthenticated->handle(Object(Illuminate\Http\Request), Object(Closure))
#22 [internal function]: Illuminate\Pipeline\Pipeline->Illuminate\Pipeline\{closure}(Object(Illuminate\Http\Request))
#23 D:\wamp\www\learnlaravel5\vendor\compiled.php(8935): call_user_func(Object(Closure), Object(Illuminate\Http\Request))
#24 D:\wamp\www\learnlaravel5\vendor\compiled.php(8334): Illuminate\Pipeline\Pipeline->then(Object(Closure))
#25 D:\wamp\www\learnlaravel5\vendor\compiled.php(8320): Illuminate\Routing\ControllerDispatcher->callWithinStack(Object(App\Http\Controllers\Auth\AuthController), Object(Illuminate\Routing\Route), Object(Illuminate\Http\Request), 'postLogin')
#26 D:\wamp\www\learnlaravel5\vendor\compiled.php(7317): Illuminate\Routing\ControllerDispatcher->dispatch(Object(Illuminate\Routing\Route), Object(Illuminate\Http\Request), 'App\\Http\\Contro...', 'postLogin')
#27 D:\wamp\www\learnlaravel5\vendor\compiled.php(7288): Illuminate\Routing\Route->runWithCustomDispatcher(Object(Illuminate\Http\Request))
#28 D:\wamp\www\learnlaravel5\vendor\compiled.php(6954): Illuminate\Routing\Route->run(Object(Illuminate\Http\Request))
#29 [internal function]: Illuminate\Routing\Router->Illuminate\Routing\{closure}(Object(Illuminate\Http\Request))
#30 D:\wamp\www\learnlaravel5\vendor\compiled.php(8952): call_user_func(Object(Closure), Object(Illuminate\Http\Request))
#31 [internal function]: Illuminate\Pipeline\Pipeline->Illuminate\Pipeline\{closure}(Object(Illuminate\Http\Request))
#32 D:\wamp\www\learnlaravel5\vendor\compiled.php(8935): call_user_func(Object(Closure), Object(Illuminate\Http\Request))
#33 D:\wamp\www\learnlaravel5\vendor\compiled.php(6955): Illuminate\Pipeline\Pipeline->then(Object(Closure))
#34 D:\wamp\www\learnlaravel5\vendor\compiled.php(6944): Illuminate\Routing\Router->runRouteWithinStack(Object(Illuminate\Routing\Route), Object(Illuminate\Http\Request))
#35 D:\wamp\www\learnlaravel5\vendor\compiled.php(6929): Illuminate\Routing\Router->dispatchToRoute(Object(Illuminate\Http\Request))
#36 D:\wamp\www\learnlaravel5\vendor\compiled.php(1935): Illuminate\Routing\Router->dispatch(Object(Illuminate\Http\Request))
#37 [internal function]: Illuminate\Foundation\Http\Kernel->Illuminate\Foundation\Http\{closure}(Object(Illuminate\Http\Request))
#38 D:\wamp\www\learnlaravel5\vendor\compiled.php(8952): call_user_func(Object(Closure), Object(Illuminate\Http\Request))
#39 D:\wamp\www\learnlaravel5\vendor\compiled.php(2438): Illuminate\Pipeline\Pipeline->Illuminate\Pipeline\{closure}(Object(Illuminate\Http\Request))
#40 D:\wamp\www\learnlaravel5\app\Http\Middleware\VerifyCsrfToken.php(17): Illuminate\Foundation\Http\Middleware\VerifyCsrfToken->handle(Object(Illuminate\Http\Request), Object(Closure))
#41 D:\wamp\www\learnlaravel5\vendor\compiled.php(8944): App\Http\Middleware\VerifyCsrfToken->handle(Object(Illuminate\Http\Request), Object(Closure))
#42 D:\wamp\www\learnlaravel5\vendor\compiled.php(12083): Illuminate\Pipeline\Pipeline->Illuminate\Pipeline\{closure}(Object(Illuminate\Http\Request))
#43 D:\wamp\www\learnlaravel5\vendor\compiled.php(8944): Illuminate\View\Middleware\ShareErrorsFromSession->handle(Object(Illuminate\Http\Request), Object(Closure))
#44 D:\wamp\www\learnlaravel5\vendor\compiled.php(10785): Illuminate\Pipeline\Pipeline->Illuminate\Pipeline\{closure}(Object(Illuminate\Http\Request))
#45 D:\wamp\www\learnlaravel5\vendor\compiled.php(8944): Illuminate\Session\Middleware\StartSession->handle(Object(Illuminate\Http\Request), Object(Closure))
#46 D:\wamp\www\learnlaravel5\vendor\compiled.php(11789): Illuminate\Pipeline\Pipeline->Illuminate\Pipeline\{closure}(Object(Illuminate\Http\Request))
#47 D:\wamp\www\learnlaravel5\vendor\compiled.php(8944): Illuminate\Cookie\Middleware\AddQueuedCookiesToResponse->handle(Object(Illuminate\Http\Request), Object(Closure))
#48 D:\wamp\www\learnlaravel5\vendor\compiled.php(11738): Illuminate\Pipeline\Pipeline->Illuminate\Pipeline\{closure}(Object(Illuminate\Http\Request))
#49 D:\wamp\www\learnlaravel5\vendor\compiled.php(8944): Illuminate\Cookie\Middleware\EncryptCookies->handle(Object(Illuminate\Http\Request), Object(Closure))
#50 D:\wamp\www\learnlaravel5\vendor\compiled.php(2478): Illuminate\Pipeline\Pipeline->Illuminate\Pipeline\{closure}(Object(Illuminate\Http\Request))
#51 D:\wamp\www\learnlaravel5\vendor\compiled.php(8944): Illuminate\Foundation\Http\Middleware\CheckForMaintenanceMode->handle(Object(Illuminate\Http\Request), Object(Closure))
#52 [internal function]: Illuminate\Pipeline\Pipeline->Illuminate\Pipeline\{closure}(Object(Illuminate\Http\Request))
#53 D:\wamp\www\learnlaravel5\vendor\compiled.php(8935): call_user_func(Object(Closure), Object(Illuminate\Http\Request))
#54 D:\wamp\www\learnlaravel5\vendor\compiled.php(1891): Illuminate\Pipeline\Pipeline->then(Object(Closure))
#55 D:\wamp\www\learnlaravel5\vendor\compiled.php(1880): Illuminate\Foundation\Http\Kernel->sendRequestThroughRouter(Object(Illuminate\Http\Request))
#56 D:\wamp\www\learnlaravel5\public\index.php(53): Illuminate\Foundation\Http\Kernel->handle(Object(Illuminate\Http\Request))
#57 D:\wamp\www\learnlaravel5\server.php(21): require_once('D:\\wamp\\www\\lea...')
#58 {main}  
